sprut-client-flutter-merge-Code/build/app/intermediates/manifest_merge_blame_file/debug/manifest-merger-blame-debug-report.txt
1<?xml version="1.0" encoding="utf-8"?>
2<manifest xmlns:android="http://schemas.android.com/apk/res/android"
3    package="com.clientflutter.sprut"
4    android:versionCode="1007"
5    android:versionName="3.0.0" >
6
7    <uses-sdk
8        android:minSdkVersion="23"
9        android:targetSdkVersion="31" />
10    <!--
11         Flutter needs it to communicate with the running application
12         to allow setting breakpoints, to provide hot reload, etc.
13    -->
14    <uses-permission android:name="android.permission.INTERNET" />
14-->src\main\AndroidManifest.xml:3:9-70
14-->src\main\AndroidManifest.xml:3:26-68
15    <uses-permission android:name="android.permission.ACCESS_NETWORK_STATE" />
15-->src\main\AndroidManifest.xml:4:3-77
15-->src\main\AndroidManifest.xml:4:20-74
16    <uses-permission android:name="android.permission.FOREGROUND_SERVICE" />
16-->src\main\AndroidManifest.xml:5:6-78
16-->src\main\AndroidManifest.xml:5:23-75
17    <uses-permission android:name="android.permission.ACCESS_BACKGROUND_LOCATION" />
17-->src\main\AndroidManifest.xml:6:5-84
17-->src\main\AndroidManifest.xml:6:22-82
18    <uses-permission android:name="android.permission.WAKE_LOCK" /> <!-- Permissions options for the `notification` group -->
18-->[:firebase_messaging] AndroidManifest.xml:8:5-68
18-->[:firebase_messaging] AndroidManifest.xml:8:22-65
19    <uses-permission android:name="android.permission.POST_NOTIFICATIONS" />
19-->[:firebase_messaging] AndroidManifest.xml:11:5-77
19-->[:firebase_messaging] AndroidManifest.xml:11:22-74
20    <uses-permission android:name="android.permission.ACCESS_COARSE_LOCATION" />
20-->[:fl_location] AndroidManifest.xml:7:5-81
20-->[:fl_location] AndroidManifest.xml:7:22-78
21    <uses-permission android:name="android.permission.ACCESS_FINE_LOCATION" />
21-->[:fl_location] AndroidManifest.xml:8:5-79
21-->[:fl_location] AndroidManifest.xml:8:22-76
22    <uses-permission android:name="android.permission.RECEIVE_BOOT_COMPLETED" />
22-->[:flutter_local_notifications] AndroidManifest.xml:7:5-81
22-->[:flutter_local_notifications] AndroidManifest.xml:7:22-78
23    <uses-permission android:name="android.permission.VIBRATE" />
23-->[:flutter_local_notifications] AndroidManifest.xml:8:5-66
23-->[:flutter_local_notifications] AndroidManifest.xml:8:22-63
24    <uses-permission android:name="android.permission.USE_FULL_SCREEN_INTENT" />
24-->[:flutter_local_notifications] AndroidManifest.xml:9:5-81
24-->[:flutter_local_notifications] AndroidManifest.xml:9:22-78
25    <uses-permission android:name="android.permission.SCHEDULE_EXACT_ALARM" /> <!-- Required by older versions of Google Play services to create IID tokens -->
25-->[:flutter_local_notifications] AndroidManifest.xml:10:5-79
25-->[:flutter_local_notifications] AndroidManifest.xml:10:22-76
26    <uses-permission android:name="com.google.android.c2dm.permission.RECEIVE" />
26-->[com.google.firebase:firebase-messaging:23.0.8] AndroidManifest.xml:29:5-82
26-->[com.google.firebase:firebase-messaging:23.0.8] AndroidManifest.xml:29:22-79
27
28    <uses-feature
28-->[com.google.android.gms:play-services-maps:18.0.2] AndroidManifest.xml:26:5-28:35
29        android:glEsVersion="0x00020000"
29-->[com.google.android.gms:play-services-maps:18.0.2] AndroidManifest.xml:27:9-41
30        android:required="true" />
30-->[com.google.android.gms:play-services-maps:18.0.2] AndroidManifest.xml:28:9-32
31
32    <queries>
32-->[com.google.android.gms:play-services-maps:18.0.2] AndroidManifest.xml:30:5-34:15
33
34        <!-- Needs to be explicitly declared on Android R+ -->
35        <package android:name="com.google.android.apps.maps" />
35-->[com.google.android.gms:play-services-maps:18.0.2] AndroidManifest.xml:33:9-64
35-->[com.google.android.gms:play-services-maps:18.0.2] AndroidManifest.xml:33:18-61
36    </queries>
37
38    <application
39        android:name="android.app.Application"
40        android:appComponentFactory="androidx.core.app.CoreComponentFactory"
40-->[androidx.core:core:1.8.0] AndroidManifest.xml:24:18-86
41        android:debuggable="true"
42        android:extractNativeLibs="false"
43        android:icon="@mipmap/ic_launcher"
44        android:label="sprut"
45        android:requestLegacyExternalStorage="true" >
46        <meta-data
47            android:name="com.google.android.geo.API_KEY"
48            android:value="AIzaSyAgOMMJYUIhOFW_uiRmfNFUvkMvI0t9pis" />
49
50        <activity
51            android:name="com.example.sprut.MainActivity"
52            android:configChanges="orientation|keyboardHidden|keyboard|screenSize|smallestScreenSize|locale|layoutDirection|fontScale|screenLayout|density|uiMode"
53            android:exported="true"
54            android:hardwareAccelerated="true"
55            android:launchMode="singleTop"
56            android:theme="@style/LaunchTheme"
57            android:windowSoftInputMode="adjustResize" >
58
59            <!--
60                 Specifies an Android theme to apply to this Activity as soon as
61                 the Android process has started. This theme is visible to the user
62                 while the Flutter UI initializes. After that, this theme continues
63                 to determine the Window background behind the Flutter UI.
64            -->
65            <meta-data
66                android:name="io.flutter.embedding.android.NormalTheme"
67                android:resource="@style/NormalTheme" />
68
69            <intent-filter>
70                <action android:name="android.intent.action.MAIN" />
71
72                <category android:name="android.intent.category.LAUNCHER" />
73            </intent-filter>
74        </activity>
75        <!--
76             Don't delete the meta-data below.
77             This is used by the Flutter tool to generate GeneratedPluginRegistrant.java
78        -->
79        <meta-data
80            android:name="flutterEmbedding"
81            android:value="2" />
82
83        <service
83-->[:firebase_crashlytics] AndroidManifest.xml:8:9-12:19
84            android:name="com.google.firebase.components.ComponentDiscoveryService"
84-->[:firebase_crashlytics] AndroidManifest.xml:8:18-89
85            android:directBootAware="true"
85-->[com.google.firebase:firebase-common:20.1.2] AndroidManifest.xml:35:13-43
86            android:exported="false" >
86-->[com.google.firebase:firebase-messaging:23.0.8] AndroidManifest.xml:55:13-37
87            <meta-data
87-->[:firebase_crashlytics] AndroidManifest.xml:9:13-11:85
88                android:name="com.google.firebase.components:io.flutter.plugins.firebase.crashlytics.FlutterFirebaseAppRegistrar"
88-->[:firebase_crashlytics] AndroidManifest.xml:10:17-130
89                android:value="com.google.firebase.components.ComponentRegistrar" />
89-->[:firebase_crashlytics] AndroidManifest.xml:11:17-82
90            <meta-data
90-->[:firebase_messaging] AndroidManifest.xml:36:13-38:85
91                android:name="com.google.firebase.components:io.flutter.plugins.firebase.messaging.FlutterFirebaseAppRegistrar"
91-->[:firebase_messaging] AndroidManifest.xml:37:17-128
92                android:value="com.google.firebase.components.ComponentRegistrar" />
92-->[:firebase_messaging] AndroidManifest.xml:38:17-82
93            <meta-data
93-->[:firebase_core] AndroidManifest.xml:9:13-11:85
94                android:name="com.google.firebase.components:io.flutter.plugins.firebase.core.FlutterFirebaseCoreRegistrar"
94-->[:firebase_core] AndroidManifest.xml:10:17-124
95                android:value="com.google.firebase.components.ComponentRegistrar" />
95-->[:firebase_core] AndroidManifest.xml:11:17-82
96            <meta-data
96-->[com.google.firebase:firebase-messaging:23.0.8] AndroidManifest.xml:56:13-58:85
97                android:name="com.google.firebase.components:com.google.firebase.messaging.FirebaseMessagingRegistrar"
97-->[com.google.firebase:firebase-messaging:23.0.8] AndroidManifest.xml:57:17-119
98                android:value="com.google.firebase.components.ComponentRegistrar" />
98-->[com.google.firebase:firebase-messaging:23.0.8] AndroidManifest.xml:58:17-82
99            <meta-data
99-->[com.google.firebase:firebase-crashlytics:18.2.13] AndroidManifest.xml:18:13-20:85
100                android:name="com.google.firebase.components:com.google.firebase.crashlytics.CrashlyticsRegistrar"
100-->[com.google.firebase:firebase-crashlytics:18.2.13] AndroidManifest.xml:19:17-115
101                android:value="com.google.firebase.components.ComponentRegistrar" />
101-->[com.google.firebase:firebase-crashlytics:18.2.13] AndroidManifest.xml:20:17-82
102            <meta-data
102-->[com.google.firebase:firebase-datatransport:18.1.6] AndroidManifest.xml:28:13-30:85
103                android:name="com.google.firebase.components:com.google.firebase.datatransport.TransportRegistrar"
103-->[com.google.firebase:firebase-datatransport:18.1.6] AndroidManifest.xml:29:17-115
104                android:value="com.google.firebase.components.ComponentRegistrar" />
104-->[com.google.firebase:firebase-datatransport:18.1.6] AndroidManifest.xml:30:17-82
105            <meta-data
105-->[com.google.firebase:firebase-installations:17.0.3] AndroidManifest.xml:18:13-20:85
106                android:name="com.google.firebase.components:com.google.firebase.installations.FirebaseInstallationsRegistrar"
106-->[com.google.firebase:firebase-installations:17.0.3] AndroidManifest.xml:19:17-127
107                android:value="com.google.firebase.components.ComponentRegistrar" />
107-->[com.google.firebase:firebase-installations:17.0.3] AndroidManifest.xml:20:17-82
108        </service>
109        <service
109-->[:firebase_messaging] AndroidManifest.xml:14:9-17:72
110            android:name="io.flutter.plugins.firebase.messaging.FlutterFirebaseMessagingBackgroundService"
110-->[:firebase_messaging] AndroidManifest.xml:15:13-107
111            android:exported="false"
111-->[:firebase_messaging] AndroidManifest.xml:16:13-37
112            android:permission="android.permission.BIND_JOB_SERVICE" />
112-->[:firebase_messaging] AndroidManifest.xml:17:13-69
113        <service
113-->[:firebase_messaging] AndroidManifest.xml:18:9-24:19
114            android:name="io.flutter.plugins.firebase.messaging.FlutterFirebaseMessagingService"
114-->[:firebase_messaging] AndroidManifest.xml:19:13-97
115            android:exported="false" >
115-->[:firebase_messaging] AndroidManifest.xml:20:13-37
116            <intent-filter>
116-->[:firebase_messaging] AndroidManifest.xml:21:13-23:29
117                <action android:name="com.google.firebase.MESSAGING_EVENT" />
117-->[:firebase_messaging] AndroidManifest.xml:22:17-78
117-->[:firebase_messaging] AndroidManifest.xml:22:25-75
118            </intent-filter>
119        </service>
120
121        <receiver
121-->[:firebase_messaging] AndroidManifest.xml:26:9-33:20
122            android:name="io.flutter.plugins.firebase.messaging.FlutterFirebaseMessagingReceiver"
122-->[:firebase_messaging] AndroidManifest.xml:27:13-98
123            android:exported="true"
123-->[:firebase_messaging] AndroidManifest.xml:28:13-36
124            android:permission="com.google.android.c2dm.permission.SEND" >
124-->[:firebase_messaging] AndroidManifest.xml:29:13-73
125            <intent-filter>
125-->[:firebase_messaging] AndroidManifest.xml:30:13-32:29
126                <action android:name="com.google.android.c2dm.intent.RECEIVE" />
126-->[:firebase_messaging] AndroidManifest.xml:31:17-81
126-->[:firebase_messaging] AndroidManifest.xml:31:25-78
127            </intent-filter>
128        </receiver>
129
130        <provider
130-->[:firebase_messaging] AndroidManifest.xml:41:9-45:38
131            android:name="io.flutter.plugins.firebase.messaging.FlutterFirebaseMessagingInitProvider"
131-->[:firebase_messaging] AndroidManifest.xml:42:13-102
132            android:authorities="com.clientflutter.sprut.flutterfirebasemessaginginitprovider"
132-->[:firebase_messaging] AndroidManifest.xml:43:13-88
133            android:exported="false"
133-->[:firebase_messaging] AndroidManifest.xml:44:13-37
134            android:initOrder="99" />
134-->[:firebase_messaging] AndroidManifest.xml:45:13-35
135
136        <service
136-->[:fl_location] AndroidManifest.xml:11:9-15:72
137            android:name="com.pravera.fl_location.service.LocationServicesStatusIntentService"
137-->[:fl_location] AndroidManifest.xml:12:13-95
138            android:enabled="true"
138-->[:fl_location] AndroidManifest.xml:13:13-35
139            android:exported="false"
139-->[:fl_location] AndroidManifest.xml:14:13-37
140            android:permission="android.permission.BIND_JOB_SERVICE" />
140-->[:fl_location] AndroidManifest.xml:15:13-69
141        <service
141-->[:geolocator_android] AndroidManifest.xml:10:9-14:56
142            android:name="com.baseflow.geolocator.GeolocatorLocationService"
142-->[:geolocator_android] AndroidManifest.xml:11:13-77
143            android:enabled="true"
143-->[:geolocator_android] AndroidManifest.xml:12:13-35
144            android:exported="false"
144-->[:geolocator_android] AndroidManifest.xml:13:13-37
145            android:foregroundServiceType="location" />
145-->[:geolocator_android] AndroidManifest.xml:14:13-53
146
147        <receiver
147-->[:flutter_local_notifications] AndroidManifest.xml:14:9-16:40
148            android:name="com.dexterous.flutterlocalnotifications.ActionBroadcastReceiver"
148-->[:flutter_local_notifications] AndroidManifest.xml:15:13-91
149            android:exported="false" />
149-->[:flutter_local_notifications] AndroidManifest.xml:16:13-37
150        <receiver
150-->[:flutter_local_notifications] AndroidManifest.xml:17:9-19:40
151            android:name="com.dexterous.flutterlocalnotifications.ScheduledNotificationReceiver"
151-->[:flutter_local_notifications] AndroidManifest.xml:18:13-97
152            android:exported="false" />
152-->[:flutter_local_notifications] AndroidManifest.xml:19:13-37
153        <receiver
153-->[:flutter_local_notifications] AndroidManifest.xml:20:9-29:20
154            android:name="com.dexterous.flutterlocalnotifications.ScheduledNotificationBootReceiver"
154-->[:flutter_local_notifications] AndroidManifest.xml:21:13-101
155            android:exported="false" >
155-->[:flutter_local_notifications] AndroidManifest.xml:22:13-37
156            <intent-filter>
156-->[:flutter_local_notifications] AndroidManifest.xml:23:13-28:29
157                <action android:name="android.intent.action.BOOT_COMPLETED" />
157-->[:flutter_local_notifications] AndroidManifest.xml:24:17-79
157-->[:flutter_local_notifications] AndroidManifest.xml:24:25-76
158                <action android:name="android.intent.action.MY_PACKAGE_REPLACED" />
158-->[:flutter_local_notifications] AndroidManifest.xml:25:17-84
158-->[:flutter_local_notifications] AndroidManifest.xml:25:25-81
159                <action android:name="android.intent.action.QUICKBOOT_POWERON" />
159-->[:flutter_local_notifications] AndroidManifest.xml:26:17-82
159-->[:flutter_local_notifications] AndroidManifest.xml:26:25-79
160                <action android:name="com.htc.intent.action.QUICKBOOT_POWERON" />
160-->[:flutter_local_notifications] AndroidManifest.xml:27:17-82
160-->[:flutter_local_notifications] AndroidManifest.xml:27:25-79
161            </intent-filter>
162        </receiver>
163
164        <activity
164-->[:url_launcher_android] AndroidManifest.xml:8:9-11:74
165            android:name="io.flutter.plugins.urllauncher.WebViewActivity"
165-->[:url_launcher_android] AndroidManifest.xml:9:13-74
166            android:exported="false"
166-->[:url_launcher_android] AndroidManifest.xml:10:13-37
167            android:theme="@android:style/Theme.NoTitleBar.Fullscreen" />
167-->[:url_launcher_android] AndroidManifest.xml:11:13-71
168
169        <provider
169-->[:share_plus] AndroidManifest.xml:8:9-16:20
170            android:name="dev.fluttercommunity.plus.share.ShareFileProvider"
170-->[:share_plus] AndroidManifest.xml:9:13-77
171            android:authorities="com.clientflutter.sprut.flutter.share_provider"
171-->[:share_plus] AndroidManifest.xml:10:13-74
172            android:exported="false"
172-->[:share_plus] AndroidManifest.xml:11:13-37
173            android:grantUriPermissions="true" >
173-->[:share_plus] AndroidManifest.xml:12:13-47
174            <meta-data
174-->[:share_plus] AndroidManifest.xml:13:13-15:68
175                android:name="android.support.FILE_PROVIDER_PATHS"
175-->[:share_plus] AndroidManifest.xml:14:17-67
176                android:resource="@xml/flutter_share_file_paths" />
176-->[:share_plus] AndroidManifest.xml:15:17-65
177        </provider>
178
179        <service
179-->[:location] AndroidManifest.xml:11:9-15:56
180            android:name="com.lyokone.location.FlutterLocationService"
180-->[:location] AndroidManifest.xml:12:13-71
181            android:enabled="true"
181-->[:location] AndroidManifest.xml:13:13-35
182            android:exported="false"
182-->[:location] AndroidManifest.xml:14:13-37
183            android:foregroundServiceType="location" />
183-->[:location] AndroidManifest.xml:15:13-53
184
185        <uses-library
185-->[androidx.window:window:1.0.0-beta04] AndroidManifest.xml:25:9-27:40
186            android:name="androidx.window.extensions"
186-->[androidx.window:window:1.0.0-beta04] AndroidManifest.xml:26:13-54
187            android:required="false" />
187-->[androidx.window:window:1.0.0-beta04] AndroidManifest.xml:27:13-37
188        <uses-library
188-->[androidx.window:window:1.0.0-beta04] AndroidManifest.xml:28:9-30:40
189            android:name="androidx.window.sidecar"
189-->[androidx.window:window:1.0.0-beta04] AndroidManifest.xml:29:13-51
190            android:required="false" />
190-->[androidx.window:window:1.0.0-beta04] AndroidManifest.xml:30:13-37
191
192        <receiver
192-->[com.google.firebase:firebase-messaging:23.0.8] AndroidManifest.xml:32:9-39:20
193            android:name="com.google.firebase.iid.FirebaseInstanceIdReceiver"
193-->[com.google.firebase:firebase-messaging:23.0.8] AndroidManifest.xml:33:13-78
194            android:exported="true"
194-->[com.google.firebase:firebase-messaging:23.0.8] AndroidManifest.xml:34:13-36
195            android:permission="com.google.android.c2dm.permission.SEND" >
195-->[com.google.firebase:firebase-messaging:23.0.8] AndroidManifest.xml:35:13-73
196            <intent-filter>
196-->[:firebase_messaging] AndroidManifest.xml:30:13-32:29
197                <action android:name="com.google.android.c2dm.intent.RECEIVE" />
197-->[:firebase_messaging] AndroidManifest.xml:31:17-81
197-->[:firebase_messaging] AndroidManifest.xml:31:25-78
198            </intent-filter>
199        </receiver>
200        <!--
201             FirebaseMessagingService performs security checks at runtime,
202             but set to not exported to explicitly avoid allowing another app to call it.
203        -->
204        <service
204-->[com.google.firebase:firebase-messaging:23.0.8] AndroidManifest.xml:45:9-52:19
205            android:name="com.google.firebase.messaging.FirebaseMessagingService"
205-->[com.google.firebase:firebase-messaging:23.0.8] AndroidManifest.xml:46:13-82
206            android:directBootAware="true"
206-->[com.google.firebase:firebase-messaging:23.0.8] AndroidManifest.xml:47:13-43
207            android:exported="false" >
207-->[com.google.firebase:firebase-messaging:23.0.8] AndroidManifest.xml:48:13-37
208            <intent-filter android:priority="-500" >
208-->[:firebase_messaging] AndroidManifest.xml:21:13-23:29
209                <action android:name="com.google.firebase.MESSAGING_EVENT" />
209-->[:firebase_messaging] AndroidManifest.xml:22:17-78
209-->[:firebase_messaging] AndroidManifest.xml:22:25-75
210            </intent-filter>
211        </service>
212
213        <provider
213-->[com.google.firebase:firebase-common:20.1.2] AndroidManifest.xml:26:9-31:39
214            android:name="com.google.firebase.provider.FirebaseInitProvider"
214-->[com.google.firebase:firebase-common:20.1.2] AndroidManifest.xml:27:13-77
215            android:authorities="com.clientflutter.sprut.firebaseinitprovider"
215-->[com.google.firebase:firebase-common:20.1.2] AndroidManifest.xml:28:13-72
216            android:directBootAware="true"
216-->[com.google.firebase:firebase-common:20.1.2] AndroidManifest.xml:29:13-43
217            android:exported="false"
217-->[com.google.firebase:firebase-common:20.1.2] AndroidManifest.xml:30:13-37
218            android:initOrder="100" /> <!-- Needs to be explicitly declared on P+ -->
218-->[com.google.firebase:firebase-common:20.1.2] AndroidManifest.xml:31:13-36
219        <uses-library
219-->[com.google.android.gms:play-services-maps:18.0.2] AndroidManifest.xml:39:9-41:40
220            android:name="org.apache.http.legacy"
220-->[com.google.android.gms:play-services-maps:18.0.2] AndroidManifest.xml:40:13-50
221            android:required="false" />
221-->[com.google.android.gms:play-services-maps:18.0.2] AndroidManifest.xml:41:13-37
222
223        <activity
223-->[com.google.android.gms:play-services-base:18.0.1] AndroidManifest.xml:20:9-22:45
224            android:name="com.google.android.gms.common.api.GoogleApiActivity"
224-->[com.google.android.gms:play-services-base:18.0.1] AndroidManifest.xml:20:19-85
225            android:exported="false"
225-->[com.google.android.gms:play-services-base:18.0.1] AndroidManifest.xml:22:19-43
226            android:theme="@android:style/Theme.Translucent.NoTitleBar" />
226-->[com.google.android.gms:play-services-base:18.0.1] AndroidManifest.xml:21:19-78
227
228        <meta-data
228-->[com.google.android.gms:play-services-basement:18.1.0] AndroidManifest.xml:21:9-23:69
229            android:name="com.google.android.gms.version"
229-->[com.google.android.gms:play-services-basement:18.1.0] AndroidManifest.xml:22:13-58
230            android:value="@integer/google_play_services_version" />
230-->[com.google.android.gms:play-services-basement:18.1.0] AndroidManifest.xml:23:13-66
231
232        <service
232-->[com.google.android.datatransport:transport-backend-cct:3.1.7] AndroidManifest.xml:29:9-35:19
233            android:name="com.google.android.datatransport.runtime.backends.TransportBackendDiscovery"
233-->[com.google.android.datatransport:transport-backend-cct:3.1.7] AndroidManifest.xml:30:13-103
234            android:exported="false" >
234-->[com.google.android.datatransport:transport-backend-cct:3.1.7] AndroidManifest.xml:31:13-37
235            <meta-data
235-->[com.google.android.datatransport:transport-backend-cct:3.1.7] AndroidManifest.xml:32:13-34:39
236                android:name="backend:com.google.android.datatransport.cct.CctBackendFactory"
236-->[com.google.android.datatransport:transport-backend-cct:3.1.7] AndroidManifest.xml:33:17-94
237                android:value="cct" />
237-->[com.google.android.datatransport:transport-backend-cct:3.1.7] AndroidManifest.xml:34:17-36
238        </service>
239        <service
239-->[com.google.android.datatransport:transport-runtime:3.1.7] AndroidManifest.xml:26:9-30:19
240            android:name="com.google.android.datatransport.runtime.scheduling.jobscheduling.JobInfoSchedulerService"
240-->[com.google.android.datatransport:transport-runtime:3.1.7] AndroidManifest.xml:27:13-117
241            android:exported="false"
241-->[com.google.android.datatransport:transport-runtime:3.1.7] AndroidManifest.xml:28:13-37
242            android:permission="android.permission.BIND_JOB_SERVICE" >
242-->[com.google.android.datatransport:transport-runtime:3.1.7] AndroidManifest.xml:29:13-69
243        </service>
244
245        <receiver
245-->[com.google.android.datatransport:transport-runtime:3.1.7] AndroidManifest.xml:32:9-34:40
246            android:name="com.google.android.datatransport.runtime.scheduling.jobscheduling.AlarmManagerSchedulerBroadcastReceiver"
246-->[com.google.android.datatransport:transport-runtime:3.1.7] AndroidManifest.xml:33:13-132
247            android:exported="false" />
247-->[com.google.android.datatransport:transport-runtime:3.1.7] AndroidManifest.xml:34:13-37
248    </application>
249
250</manifest>